[0;32m2025/01/15 16:30:52: Unsecured Server is ready to use on: 3003[0;39m
[0;32m2025/01/15 16:30:52: DB CONNECT SUCCESSFUL.[0;39m
[0;32m2025/01/15 16:31:21: Unsecured Server is ready to use on: 3003[0;39m
[0;32m2025/01/15 16:31:22: DB CONNECT SUCCESSFUL.[0;39m
[0;37m2025/01/15 16:31:34: GET /api/users[0;39m
[0;32m2025/01/15 16:31:34: Search for all users[0;39m
[0;32m2025/01/15 16:32:11: Unsecured Server is ready to use on: 3003[0;39m
[0;37m2025/01/15 16:32:11: GET /api/users[0;39m
[0;32m2025/01/15 16:32:11: Search for all users[0;39m
[0;32m2025/01/15 16:32:13: DB CONNECT SUCCESSFUL.[0;39m
[0;37m2025/01/15 16:32:13: GET /api/users[0;39m
[0;32m2025/01/15 16:32:13: Search users by role: admin[0;39m
[0;37m2025/01/15 16:32:13: PATCH /api/user[0;39m
[0;37m2025/01/15 16:32:13: DELETE /api/user[0;39m
[0;32m2025/01/15 16:32:13: Delete user id:35[0;39m
[0;37m2025/01/15 16:32:13: POST /api/user[0;39m
[0;32m2025/01/15 16:44:10: Unsecured Server is ready to use on: 3003[0;39m
[0;37m2025/01/15 16:44:12: GET /api/users[0;39m
[0;32m2025/01/15 16:44:12: Search for all users[0;39m
[0;32m2025/01/15 16:44:16: DB CONNECT SUCCESSFUL.[0;39m
[0;32m2025/01/15 16:46:23: Unsecured Server is ready to use on: 3003[0;39m
[0;32m2025/01/15 16:46:27: DB CONNECT SUCCESSFUL.[0;39m
